Using pre-set license
Built from '2021.1/release' branch; Version is '2021.1.16f1 (5fa502fca597) revision 6268162'; Using compiler version '192528614'; Build Type 'Release'
OS: 'Windows 10 Pro; OS build 19041.804; Version 2004; 64bit' Language: 'en' Physical Memory: 16267 MB
BatchMode: 1, IsHumanControllingUs: 0, StartBugReporterOnCrash: 0, Is64bit: 1, IsPro: 0

 COMMAND LINE ARGUMENTS:
C:\Program Files\Unity\Hub\Editor\2021.1.16f1\Editor\Unity.exe
-adb2
-batchMode
-noUpm
-name
AssetImportWorker0
-projectPath
C:/Users/Bentley/Unity Projects/Vanguard
-logFile
Logs/AssetImportWorker0.log
-srvPort
60825
Successfully changed project path to: C:/Users/Bentley/Unity Projects/Vanguard
C:/Users/Bentley/Unity Projects/Vanguard
Using Asset Import Pipeline V2.
Refreshing native plugins compatible for Editor in 72.00 ms, found 2 plugins.
Preloading 0 native plugins for Editor in 0.00 ms.
Initialize engine version: 2021.1.16f1 (5fa502fca597)
[Subsystems] Discovering subsystems at path C:/Program Files/Unity/Hub/Editor/2021.1.16f1/Editor/Data/Resources/UnitySubsystems
[Subsystems] Discovering subsystems at path C:/Users/Bentley/Unity Projects/Vanguard/Assets
GfxDevice: creating device client; threaded=0; jobified=0
Direct3D:
    Version:  Direct3D 11.0 [level 11.1]
    Renderer: NVIDIA GeForce GTX 1080 (ID=0x1b80)
    Vendor:   NVIDIA
    VRAM:     8079 MB
    Driver:   27.21.14.5671
Initialize mono
Mono path[0] = 'C:/Program Files/Unity/Hub/Editor/2021.1.16f1/Editor/Data/Managed'
Mono path[1] = 'C:/Program Files/Unity/Hub/Editor/2021.1.16f1/Editor/Data/MonoBleedingEdge/lib/mono/unityjit'
Mono config path = 'C:/Program Files/Unity/Hub/Editor/2021.1.16f1/Editor/Data/MonoBleedingEdge/etc'
Using monoOptions --debugger-agent=transport=dt_socket,embedding=1,server=y,suspend=n,address=127.0.0.1:56016
Begin MonoManager ReloadAssembly
Registering precompiled unity dll's ...
Register platform support module: C:/Program Files/Unity/Hub/Editor/2021.1.16f1/Editor/Data/PlaybackEngines/WebGLSupport/UnityEditor.WebGL.Extensions.dll
Register platform support module: C:/Program Files/Unity/Hub/Editor/2021.1.16f1/Editor/Data/PlaybackEngines/WindowsStandaloneSupport/UnityEditor.WindowsStandalone.Extensions.dll
Registered in 0.004341 seconds.
Native extension for WindowsStandalone target not found
Native extension for WebGL target not found
Refreshing native plugins compatible for Editor in 37.48 ms, found 2 plugins.
Preloading 0 native plugins for Editor in 0.00 ms.
Mono: successfully reloaded assembly
- Completed reload, in  2.217 seconds
Domain Reload Profiling:
	ReloadAssembly (2217ms)
		BeginReloadAssembly (127ms)
			ExecutionOrderSort (0ms)
			DisableScriptedObjects (0ms)
			BackupInstance (0ms)
			ReleaseScriptingObjects (0ms)
			CreateAndSetChildDomain (2ms)
		EndReloadAssembly (527ms)
			LoadAssemblies (122ms)
			RebuildTransferFunctionScriptingTraits (0ms)
			SetupTypeCache (211ms)
			ReleaseScriptCaches (0ms)
			RebuildScriptCaches (40ms)
			SetupLoadedEditorAssemblies (220ms)
				LogAssemblyErrors (0ms)
				InitializePlatformSupportModulesInManaged (8ms)
				SetLoadedEditorAssemblies (0ms)
				RefreshPlugins (38ms)
				BeforeProcessingInitializeOnLoad (2ms)
				ProcessInitializeOnLoadAttributes (129ms)
				ProcessInitializeOnLoadMethodAttributes (42ms)
				AfterProcessingInitializeOnLoad (0ms)
				EditorAssembliesLoaded (0ms)
			ExecutionOrderSort2 (0ms)
			AwakeInstancesAfterBackupRestoration (0ms)
Platform modules already initialized, skipping
Registering precompiled user dll's ...
Registered in 0.006053 seconds.
Begin MonoManager ReloadAssembly
Native extension for WindowsStandalone target not found
Native extension for WebGL target not found
Refreshing native plugins compatible for Editor in 38.38 ms, found 2 plugins.
Preloading 0 native plugins for Editor in 0.00 ms.
Mono: successfully reloaded assembly
- Completed reload, in  1.544 seconds
Domain Reload Profiling:
	ReloadAssembly (1544ms)
		BeginReloadAssembly (212ms)
			ExecutionOrderSort (0ms)
			DisableScriptedObjects (5ms)
			BackupInstance (0ms)
			ReleaseScriptingObjects (0ms)
			CreateAndSetChildDomain (25ms)
		EndReloadAssembly (1251ms)
			LoadAssemblies (131ms)
			RebuildTransferFunctionScriptingTraits (0ms)
			SetupTypeCache (367ms)
			ReleaseScriptCaches (0ms)
			RebuildScriptCaches (63ms)
			SetupLoadedEditorAssemblies (597ms)
				LogAssemblyErrors (0ms)
				InitializePlatformSupportModulesInManaged (6ms)
				SetLoadedEditorAssemblies (0ms)
				RefreshPlugins (38ms)
				BeforeProcessingInitializeOnLoad (69ms)
				ProcessInitializeOnLoadAttributes (462ms)
				ProcessInitializeOnLoadMethodAttributes (5ms)
				AfterProcessingInitializeOnLoad (16ms)
				EditorAssembliesLoaded (1ms)
			ExecutionOrderSort2 (0ms)
			AwakeInstancesAfterBackupRestoration (11ms)
Platform modules already initialized, skipping
========================================================================
Worker process is ready to serve import requests
Launched and connected shader compiler UnityShaderCompiler.exe after 0.11 seconds
Refreshing native plugins compatible for Editor in 0.67 ms, found 2 plugins.
Preloading 0 native plugins for Editor in 0.00 ms.
Unloading 1825 Unused Serialized files (Serialized files now loaded: 0)
System memory in use before: 87.8 MB.
System memory in use after: 87.9 MB.

Unloading 20 unused Assets to reduce memory usage. Loaded Objects now: 2285.
Total: 6.040700 ms (FindLiveObjects: 0.250900 ms CreateObjectMapping: 0.085500 ms MarkObjects: 5.603100 ms  DeleteObjects: 0.099400 ms)

AssetImportParameters requested are different than current active one (requested -> active):
  custom:framework-win-MediaFoundation: 216162199b28c13a410421893ffa2e32 -> 
  custom:video-decoder-ogg-theora: a1e56fd34408186e4bbccfd4996cb3dc -> 
  custom:container-muxer-webm: aa71ff27fc2769a1b78a27578f13a17b -> 
  custom:container-demuxer-webm: 4f35f7cbe854078d1ac9338744f61a02 -> 
  custom:container-demuxer-ogg: 62fdf1f143b41e24485cea50d1cbac27 -> 
  custom:video-encoder-webm-vp8: eb34c28f22e8b96e1ab97ce403110664 -> 
  custom:video-decoder-webm-vp8: 9c59270c3fd7afecdb556c50c9e8de78 -> 
  custom:audio-decoder-ogg-vorbis: bf7c407c2cedff20999df2af8eb42d56 -> 
  custom:audio-encoder-webm-vorbis: bf7c407c2cedff20999df2af8eb42d56 -> 
========================================================================
Received Import Request.
  path: Assets
  artifactKey: Guid(00000000000000001000000000000000) Importer(815301076,1909f56bfc062723c751e8b465ee728b)
Start importing Assets using Guid(00000000000000001000000000000000) Importer(815301076,1909f56bfc062723c751e8b465ee728b)  -> (artifact id: '42d402b061de3733987d63b9cc3b64de') in 0.024630 seconds 
========================================================================
Received Import Request.
  Time since last request: 1.459909 seconds.
  path: Assets/_Project
  artifactKey: Guid(f5682ffdb0c8f6741bbeeb24b0f5a063) Importer(815301076,1909f56bfc062723c751e8b465ee728b)
Start importing Assets/_Project using Guid(f5682ffdb0c8f6741bbeeb24b0f5a063) Importer(815301076,1909f56bfc062723c751e8b465ee728b)  -> (artifact id: '4395955ef24a44cc53204b333e25ea6e') in 0.024774 seconds 
========================================================================
Received Import Request.
  Time since last request: 1.719581 seconds.
  path: Assets/Environment
  artifactKey: Guid(02e7ee3e56f967245bdfaacb7131424b) Importer(815301076,1909f56bfc062723c751e8b465ee728b)
Start importing Assets/Environment using Guid(02e7ee3e56f967245bdfaacb7131424b) Importer(815301076,1909f56bfc062723c751e8b465ee728b)  -> (artifact id: 'bf76fa86d2471dc21182175d603f48b3') in 0.028821 seconds 
========================================================================
Received Import Request.
  Time since last request: 0.065355 seconds.
  path: Assets/Environment/Box.mat
  artifactKey: Guid(ef3bb3ac941f0a34db2e3eafdbd33a1d) Importer(815301076,1909f56bfc062723c751e8b465ee728b)
Start importing Assets/Environment/Box.mat using Guid(ef3bb3ac941f0a34db2e3eafdbd33a1d) Importer(815301076,1909f56bfc062723c751e8b465ee728b)  -> (artifact id: '96e7f7c4b66e7c78d46c2a851d9f3649') in 0.383466 seconds 
========================================================================
Received Import Request.
  Time since last request: 0.000254 seconds.
  path: Assets/Environment/Ground 2.mat
  artifactKey: Guid(934451bd8589cfc4da44ebe6a8977f6a) Importer(815301076,1909f56bfc062723c751e8b465ee728b)
Start importing Assets/Environment/Ground 2.mat using Guid(934451bd8589cfc4da44ebe6a8977f6a) Importer(815301076,1909f56bfc062723c751e8b465ee728b)  -> (artifact id: '518a10274a2088cb660afdfd592a6774') in 0.258177 seconds 
========================================================================
Received Import Request.
  Time since last request: 0.000199 seconds.
  path: Assets/Environment/primitives.blend
  artifactKey: Guid(9a6baae0ac6bea9469287af4360f637e) Importer(815301076,1909f56bfc062723c751e8b465ee728b)
Start importing Assets/Environment/primitives.blend using Guid(9a6baae0ac6bea9469287af4360f637e) Importer(815301076,1909f56bfc062723c751e8b465ee728b)  -> (artifact id: '5e88a45beb10194d0e8bfb3b8f487375') in 0.223330 seconds 
========================================================================
Received Import Request.
  Time since last request: 0.000225 seconds.
  path: Assets/Environment/Ground 1.mat
  artifactKey: Guid(c40a6c7069c314b4585ffdd7520651cf) Importer(815301076,1909f56bfc062723c751e8b465ee728b)
Start importing Assets/Environment/Ground 1.mat using Guid(c40a6c7069c314b4585ffdd7520651cf) Importer(815301076,1909f56bfc062723c751e8b465ee728b)  -> (artifact id: '236dd795bce7ac2549e3fe7eb1e019c1') in 0.018381 seconds 
========================================================================
Received Import Request.
  Time since last request: 0.000286 seconds.
  path: Assets/Environment/sky.png
  artifactKey: Guid(8f1981417dfcb544bbab9c5b8ed286e2) Importer(815301076,1909f56bfc062723c751e8b465ee728b)
Start importing Assets/Environment/sky.png using Guid(8f1981417dfcb544bbab9c5b8ed286e2) Importer(815301076,1909f56bfc062723c751e8b465ee728b)  -> (artifact id: 'dd026dccbb8495fd9e3af19cbf56d0a0') in 0.096669 seconds 
========================================================================
Received Import Request.
  Time since last request: 0.000193 seconds.
  path: Assets/Environment/Wallrun Bit.mat
  artifactKey: Guid(08cc498fbad268f4282bbd9d131daec9) Importer(815301076,1909f56bfc062723c751e8b465ee728b)
Start importing Assets/Environment/Wallrun Bit.mat using Guid(08cc498fbad268f4282bbd9d131daec9) Importer(815301076,1909f56bfc062723c751e8b465ee728b)  -> (artifact id: '37498df508e1add4f103bec3c515bde0') in 0.098442 seconds 
========================================================================
Received Import Request.
  Time since last request: 0.000172 seconds.
  path: Assets/Environment/New Terrain Material.mat
  artifactKey: Guid(3764a3e5eb9dc8e41bac23d57e73e695) Importer(815301076,1909f56bfc062723c751e8b465ee728b)
Start importing Assets/Environment/New Terrain Material.mat using Guid(3764a3e5eb9dc8e41bac23d57e73e695) Importer(815301076,1909f56bfc062723c751e8b465ee728b)  -> (artifact id: 'c44a763b66d89d3f906c3f00fb89223f') in 0.162810 seconds 
========================================================================
Received Import Request.
  Time since last request: 0.000190 seconds.
  path: Assets/Environment/railing.blend
  artifactKey: Guid(92e1ae09d18bedb49a0b7f0a48b1dffa) Importer(815301076,1909f56bfc062723c751e8b465ee728b)
Start importing Assets/Environment/railing.blend using Guid(92e1ae09d18bedb49a0b7f0a48b1dffa) Importer(815301076,1909f56bfc062723c751e8b465ee728b)  -> (artifact id: 'd1fbe5614cde0ae5d32667c251961ac6') in 0.029205 seconds 
========================================================================
Received Import Request.
  Time since last request: 0.000241 seconds.
  path: Assets/Environment/Grid.png
  artifactKey: Guid(84c183db484e21c40b24e2029497166e) Importer(815301076,1909f56bfc062723c751e8b465ee728b)
Start importing Assets/Environment/Grid.png using Guid(84c183db484e21c40b24e2029497166e) Importer(815301076,1909f56bfc062723c751e8b465ee728b)  -> (artifact id: '7750889cd8403bda652084a4dd9076c5') in 0.015102 seconds 
========================================================================
Received Import Request.
  Time since last request: 0.000228 seconds.
  path: Assets/Environment/roughtmap.png
  artifactKey: Guid(9cfeead7cbb1f42428170469267cbd61) Importer(815301076,1909f56bfc062723c751e8b465ee728b)
Start importing Assets/Environment/roughtmap.png using Guid(9cfeead7cbb1f42428170469267cbd61) Importer(815301076,1909f56bfc062723c751e8b465ee728b)  -> (artifact id: 'cb41969f59aff2b8cb16699c49063adb') in 0.013892 seconds 
========================================================================
Received Import Request.
  Time since last request: 0.000226 seconds.
  path: Assets/Environment/Sky.mat
  artifactKey: Guid(30dff8ad9ba7961408b7ce7e5e578b6d) Importer(815301076,1909f56bfc062723c751e8b465ee728b)
Start importing Assets/Environment/Sky.mat using Guid(30dff8ad9ba7961408b7ce7e5e578b6d) Importer(815301076,1909f56bfc062723c751e8b465ee728b)  -> (artifact id: '33d0902bda6e096858e29fdd04ac1750') in 0.019570 seconds 
========================================================================
Received Import Request.
  Time since last request: 0.000253 seconds.
  path: Assets/Environment/TestTerrain.asset
  artifactKey: Guid(d3ca6dac7dd6c0748bdf72e292862fde) Importer(815301076,1909f56bfc062723c751e8b465ee728b)
Start importing Assets/Environment/TestTerrain.asset using Guid(d3ca6dac7dd6c0748bdf72e292862fde) Importer(815301076,1909f56bfc062723c751e8b465ee728b)  -> (artifact id: '5ed8381e47128d716d3e15c45e9480e8') in 0.028616 seconds 
========================================================================
Received Import Request.
  Time since last request: 0.000222 seconds.
  path: Assets/Environment/Fade.mat
  artifactKey: Guid(32674f7f5168335408b5e9f50464c925) Importer(815301076,1909f56bfc062723c751e8b465ee728b)
Start importing Assets/Environment/Fade.mat using Guid(32674f7f5168335408b5e9f50464c925) Importer(815301076,1909f56bfc062723c751e8b465ee728b)  -> (artifact id: '7c6b4757c39d3819f6cf61f931ce15d8') in 0.048766 seconds 
========================================================================
Received Import Request.
  Time since last request: 0.000239 seconds.
  path: Assets/Environment/Grid 1.png
  artifactKey: Guid(e524f10208d844a45b7537fde198cb4b) Importer(815301076,1909f56bfc062723c751e8b465ee728b)
Start importing Assets/Environment/Grid 1.png using Guid(e524f10208d844a45b7537fde198cb4b) Importer(815301076,1909f56bfc062723c751e8b465ee728b)  -> (artifact id: 'cd85638e7191387f640bccf5d85e64ac') in 0.013527 seconds 
========================================================================
Received Import Request.
  Time since last request: 0.000223 seconds.
  path: Assets/Environment/Ground 3.mat
  artifactKey: Guid(c290f2ccacceb014293b91e560a436ae) Importer(815301076,1909f56bfc062723c751e8b465ee728b)
Start importing Assets/Environment/Ground 3.mat using Guid(c290f2ccacceb014293b91e560a436ae) Importer(815301076,1909f56bfc062723c751e8b465ee728b)  -> (artifact id: '3c096af9e60269a68ad8ce10640d9e7b') in 0.014942 seconds 
========================================================================
Received Import Request.
  Time since last request: 0.000241 seconds.
  path: Assets/Environment/Ground.mat
  artifactKey: Guid(d132e53a6d2c2ab46a5e427e3ee3e40b) Importer(815301076,1909f56bfc062723c751e8b465ee728b)
Start importing Assets/Environment/Ground.mat using Guid(d132e53a6d2c2ab46a5e427e3ee3e40b) Importer(815301076,1909f56bfc062723c751e8b465ee728b)  -> (artifact id: '00e40f678fa812ba3a9d9608fe3d6ce1') in 0.015701 seconds 
========================================================================
Received Import Request.
  Time since last request: 2.906091 seconds.
  path: Assets/Player
  artifactKey: Guid(9292dacae91131643a8ba864a90bbe09) Importer(815301076,1909f56bfc062723c751e8b465ee728b)
Start importing Assets/Player using Guid(9292dacae91131643a8ba864a90bbe09) Importer(815301076,1909f56bfc062723c751e8b465ee728b)  -> (artifact id: 'e36d170ab3c3228320d15d648b8b3a6a') in 0.010019 seconds 
========================================================================
Received Import Request.
  Time since last request: 0.038569 seconds.
  path: Assets/Player/NoFriction.physicMaterial
  artifactKey: Guid(8d5f760615b1f144ca302f90efe68e5c) Importer(815301076,1909f56bfc062723c751e8b465ee728b)
Start importing Assets/Player/NoFriction.physicMaterial using Guid(8d5f760615b1f144ca302f90efe68e5c) Importer(815301076,1909f56bfc062723c751e8b465ee728b)  -> (artifact id: '0579dd5368dd5b6b14abb46161ca4d64') in 0.009527 seconds 
========================================================================
Received Import Request.
  Time since last request: 0.839223 seconds.
  path: Assets/Player/UI
  artifactKey: Guid(f8daf810194cd9a49bd2d82151ec9082) Importer(815301076,1909f56bfc062723c751e8b465ee728b)
Start importing Assets/Player/UI using Guid(f8daf810194cd9a49bd2d82151ec9082) Importer(815301076,1909f56bfc062723c751e8b465ee728b)  -> (artifact id: '487d1ea792bcdb935643e876958a01ff') in 0.009091 seconds 
========================================================================
Received Import Request.
  Time since last request: 1.162652 seconds.
  path: Assets/Player/Movement
  artifactKey: Guid(8eb72b8c44da0bc4587072752a04f89f) Importer(815301076,1909f56bfc062723c751e8b465ee728b)
Start importing Assets/Player/Movement using Guid(8eb72b8c44da0bc4587072752a04f89f) Importer(815301076,1909f56bfc062723c751e8b465ee728b)  -> (artifact id: '00a3ae5a6ebe5b1fbacedd908737e02f') in 0.008571 seconds 
========================================================================
Received Import Request.
  Time since last request: 4.750321 seconds.
  path: Assets/Scenes/Testmap
  artifactKey: Guid(563bf3e79f6d2de4088450f009e19683) Importer(815301076,1909f56bfc062723c751e8b465ee728b)
Start importing Assets/Scenes/Testmap using Guid(563bf3e79f6d2de4088450f009e19683) Importer(815301076,1909f56bfc062723c751e8b465ee728b)  -> (artifact id: '5aacbba5491d1b22b4c1a5963deb9ac4') in 0.010206 seconds 
========================================================================
Received Import Request.
  Time since last request: 0.044959 seconds.
  path: Assets/Scenes/Testmap/LightingData.asset
  artifactKey: Guid(40844d5229b7b4849aebfb6557bcfff0) Importer(815301076,1909f56bfc062723c751e8b465ee728b)
Start importing Assets/Scenes/Testmap/LightingData.asset using Guid(40844d5229b7b4849aebfb6557bcfff0) Importer(815301076,1909f56bfc062723c751e8b465ee728b)  -> (artifact id: 'ea1e5489252abb388bc276ce2f616d8d') in 0.012046 seconds 
========================================================================
Received Import Request.
  Time since last request: 0.000190 seconds.
  path: Assets/Scenes/Testmap/ReflectionProbe-0.exr
  artifactKey: Guid(8e3c75f004ce92148b9235ea1e8259fc) Importer(815301076,1909f56bfc062723c751e8b465ee728b)
Start importing Assets/Scenes/Testmap/ReflectionProbe-0.exr using Guid(8e3c75f004ce92148b9235ea1e8259fc) Importer(815301076,1909f56bfc062723c751e8b465ee728b)  -> (artifact id: 'f065a8ca41c203056f5faa8845934333') in 0.044608 seconds 
========================================================================
Received Import Request.
  Time since last request: 0.000248 seconds.
  path: Assets/Scenes/Testmap/ReflectionProbe-1.exr
  artifactKey: Guid(884326ad6b7afc04b91bcaafc55ca8c9) Importer(815301076,1909f56bfc062723c751e8b465ee728b)
Start importing Assets/Scenes/Testmap/ReflectionProbe-1.exr using Guid(884326ad6b7afc04b91bcaafc55ca8c9) Importer(815301076,1909f56bfc062723c751e8b465ee728b)  -> (artifact id: 'ada9f579e654bded604ce87cd734df4e') in 0.023052 seconds 
========================================================================
Received Prepare
Registering precompiled user dll's ...
Registered in 0.004975 seconds.
Begin MonoManager ReloadAssembly
Native extension for WindowsStandalone target not found
Native extension for WebGL target not found
Refreshing native plugins compatible for Editor in 1.30 ms, found 2 plugins.
Preloading 0 native plugins for Editor in 0.00 ms.
Mono: successfully reloaded assembly
- Completed reload, in  1.391 seconds
Domain Reload Profiling:
	ReloadAssembly (1391ms)
		BeginReloadAssembly (179ms)
			ExecutionOrderSort (0ms)
			DisableScriptedObjects (5ms)
			BackupInstance (0ms)
			ReleaseScriptingObjects (0ms)
			CreateAndSetChildDomain (41ms)
		EndReloadAssembly (1129ms)
			LoadAssemblies (136ms)
			RebuildTransferFunctionScriptingTraits (0ms)
			SetupTypeCache (326ms)
			ReleaseScriptCaches (1ms)
			RebuildScriptCaches (52ms)
			SetupLoadedEditorAssemblies (492ms)
				LogAssemblyErrors (0ms)
				InitializePlatformSupportModulesInManaged (16ms)
				SetLoadedEditorAssemblies (1ms)
				RefreshPlugins (1ms)
				BeforeProcessingInitializeOnLoad (61ms)
				ProcessInitializeOnLoadAttributes (396ms)
				ProcessInitializeOnLoadMethodAttributes (4ms)
				AfterProcessingInitializeOnLoad (12ms)
				EditorAssembliesLoaded (0ms)
			ExecutionOrderSort2 (0ms)
			AwakeInstancesAfterBackupRestoration (14ms)
Platform modules already initialized, skipping
Refreshing native plugins compatible for Editor in 0.48 ms, found 2 plugins.
Preloading 0 native plugins for Editor in 0.00 ms.
Unloading 1798 Unused Serialized files (Serialized files now loaded: 0)
System memory in use before: 95.0 MB.
System memory in use after: 95.2 MB.

Unloading 15 unused Assets to reduce memory usage. Loaded Objects now: 2425.
Total: 5.133600 ms (FindLiveObjects: 0.196900 ms CreateObjectMapping: 0.067200 ms MarkObjects: 4.818100 ms  DeleteObjects: 0.049800 ms)

AssetImportParameters requested are different than current active one (requested -> active):
  custom:framework-win-MediaFoundation: 216162199b28c13a410421893ffa2e32 -> 
  custom:video-decoder-ogg-theora: a1e56fd34408186e4bbccfd4996cb3dc -> 
  custom:container-muxer-webm: aa71ff27fc2769a1b78a27578f13a17b -> 
  custom:container-demuxer-webm: 4f35f7cbe854078d1ac9338744f61a02 -> 
  custom:container-demuxer-ogg: 62fdf1f143b41e24485cea50d1cbac27 -> 
  custom:video-encoder-webm-vp8: eb34c28f22e8b96e1ab97ce403110664 -> 
  custom:video-decoder-webm-vp8: 9c59270c3fd7afecdb556c50c9e8de78 -> 
  custom:audio-decoder-ogg-vorbis: bf7c407c2cedff20999df2af8eb42d56 -> 
  custom:audio-encoder-webm-vorbis: bf7c407c2cedff20999df2af8eb42d56 -> 
========================================================================
Received Import Request.
  Time since last request: 24.027719 seconds.
  path: Assets/_Project/Script
  artifactKey: Guid(5a47852f193d00947bf2e528352052fe) Importer(815301076,1909f56bfc062723c751e8b465ee728b)
Start importing Assets/_Project/Script using Guid(5a47852f193d00947bf2e528352052fe) Importer(815301076,1909f56bfc062723c751e8b465ee728b)  -> (artifact id: '14c1a76031b0155c48684878b4577695') in 0.011923 seconds 
========================================================================
Received Import Request.
  Time since last request: 1.559036 seconds.
  path: Assets/_Project/Scripts
  artifactKey: Guid(5a47852f193d00947bf2e528352052fe) Importer(815301076,1909f56bfc062723c751e8b465ee728b)
Start importing Assets/_Project/Scripts using Guid(5a47852f193d00947bf2e528352052fe) Importer(815301076,1909f56bfc062723c751e8b465ee728b)  -> (artifact id: '41a54b33c3ac6276b3ae0b3661f69387') in 0.008777 seconds 
========================================================================
Received Prepare
Registering precompiled user dll's ...
Registered in 0.005117 seconds.
Begin MonoManager ReloadAssembly
Native extension for WindowsStandalone target not found
Native extension for WebGL target not found
Refreshing native plugins compatible for Editor in 0.39 ms, found 2 plugins.
Preloading 0 native plugins for Editor in 0.00 ms.
Mono: successfully reloaded assembly
- Completed reload, in  1.388 seconds
Domain Reload Profiling:
	ReloadAssembly (1389ms)
		BeginReloadAssembly (167ms)
			ExecutionOrderSort (0ms)
			DisableScriptedObjects (7ms)
			BackupInstance (0ms)
			ReleaseScriptingObjects (0ms)
			CreateAndSetChildDomain (40ms)
		EndReloadAssembly (1141ms)
			LoadAssemblies (127ms)
			RebuildTransferFunctionScriptingTraits (0ms)
			SetupTypeCache (387ms)
			ReleaseScriptCaches (1ms)
			RebuildScriptCaches (48ms)
			SetupLoadedEditorAssemblies (478ms)
				LogAssemblyErrors (0ms)
				InitializePlatformSupportModulesInManaged (7ms)
				SetLoadedEditorAssemblies (0ms)
				RefreshPlugins (0ms)
				BeforeProcessingInitializeOnLoad (58ms)
				ProcessInitializeOnLoadAttributes (395ms)
				ProcessInitializeOnLoadMethodAttributes (4ms)
				AfterProcessingInitializeOnLoad (12ms)
				EditorAssembliesLoaded (0ms)
			ExecutionOrderSort2 (0ms)
			AwakeInstancesAfterBackupRestoration (16ms)
Platform modules already initialized, skipping
Refreshing native plugins compatible for Editor in 0.48 ms, found 2 plugins.
Preloading 0 native plugins for Editor in 0.00 ms.
Unloading 1792 Unused Serialized files (Serialized files now loaded: 0)
System memory in use before: 94.9 MB.
System memory in use after: 95.0 MB.

Unloading 13 unused Assets to reduce memory usage. Loaded Objects now: 2428.
Total: 5.287800 ms (FindLiveObjects: 0.145900 ms CreateObjectMapping: 0.066100 ms MarkObjects: 5.017500 ms  DeleteObjects: 0.056800 ms)

AssetImportParameters requested are different than current active one (requested -> active):
  custom:framework-win-MediaFoundation: 216162199b28c13a410421893ffa2e32 -> 
  custom:video-decoder-ogg-theora: a1e56fd34408186e4bbccfd4996cb3dc -> 
  custom:container-muxer-webm: aa71ff27fc2769a1b78a27578f13a17b -> 
  custom:container-demuxer-webm: 4f35f7cbe854078d1ac9338744f61a02 -> 
  custom:container-demuxer-ogg: 62fdf1f143b41e24485cea50d1cbac27 -> 
  custom:video-encoder-webm-vp8: eb34c28f22e8b96e1ab97ce403110664 -> 
  custom:video-decoder-webm-vp8: 9c59270c3fd7afecdb556c50c9e8de78 -> 
  custom:audio-decoder-ogg-vorbis: bf7c407c2cedff20999df2af8eb42d56 -> 
  custom:audio-encoder-webm-vorbis: bf7c407c2cedff20999df2af8eb42d56 -> 
========================================================================
Received Import Request.
  Time since last request: 17.532260 seconds.
  path: Assets/_Project/Scripts/Player
  artifactKey: Guid(8eb72b8c44da0bc4587072752a04f89f) Importer(815301076,1909f56bfc062723c751e8b465ee728b)
Start importing Assets/_Project/Scripts/Player using Guid(8eb72b8c44da0bc4587072752a04f89f) Importer(815301076,1909f56bfc062723c751e8b465ee728b)  -> (artifact id: 'e1f2105c99d283c0e5c148bc024f5a23') in 0.006821 seconds 
========================================================================
Received Prepare
Registering precompiled user dll's ...
Registered in 0.005068 seconds.
Begin MonoManager ReloadAssembly
Native extension for WindowsStandalone target not found
Native extension for WebGL target not found
Refreshing native plugins compatible for Editor in 0.49 ms, found 2 plugins.
Preloading 0 native plugins for Editor in 0.00 ms.
Mono: successfully reloaded assembly
- Completed reload, in  1.412 seconds
Domain Reload Profiling:
	ReloadAssembly (1412ms)
		BeginReloadAssembly (172ms)
			ExecutionOrderSort (0ms)
			DisableScriptedObjects (10ms)
			BackupInstance (0ms)
			ReleaseScriptingObjects (0ms)
			CreateAndSetChildDomain (42ms)
		EndReloadAssembly (1160ms)
			LoadAssemblies (131ms)
			RebuildTransferFunctionScriptingTraits (0ms)
			SetupTypeCache (348ms)
			ReleaseScriptCaches (1ms)
			RebuildScriptCaches (75ms)
			SetupLoadedEditorAssemblies (495ms)
				LogAssemblyErrors (0ms)
				InitializePlatformSupportModulesInManaged (7ms)
				SetLoadedEditorAssemblies (0ms)
				RefreshPlugins (1ms)
				BeforeProcessingInitializeOnLoad (59ms)
				ProcessInitializeOnLoadAttributes (412ms)
				ProcessInitializeOnLoadMethodAttributes (4ms)
				AfterProcessingInitializeOnLoad (12ms)
				EditorAssembliesLoaded (0ms)
			ExecutionOrderSort2 (0ms)
			AwakeInstancesAfterBackupRestoration (18ms)
Platform modules already initialized, skipping
Refreshing native plugins compatible for Editor in 0.40 ms, found 2 plugins.
Preloading 0 native plugins for Editor in 0.00 ms.
Unloading 1792 Unused Serialized files (Serialized files now loaded: 0)
System memory in use before: 94.9 MB.
System memory in use after: 95.0 MB.

Unloading 13 unused Assets to reduce memory usage. Loaded Objects now: 2431.
Total: 3.696600 ms (FindLiveObjects: 0.161800 ms CreateObjectMapping: 0.066200 ms MarkObjects: 3.423700 ms  DeleteObjects: 0.029500 ms)

AssetImportParameters requested are different than current active one (requested -> active):
  custom:framework-win-MediaFoundation: 216162199b28c13a410421893ffa2e32 -> 
  custom:video-decoder-ogg-theora: a1e56fd34408186e4bbccfd4996cb3dc -> 
  custom:container-muxer-webm: aa71ff27fc2769a1b78a27578f13a17b -> 
  custom:container-demuxer-webm: 4f35f7cbe854078d1ac9338744f61a02 -> 
  custom:container-demuxer-ogg: 62fdf1f143b41e24485cea50d1cbac27 -> 
  custom:video-encoder-webm-vp8: eb34c28f22e8b96e1ab97ce403110664 -> 
  custom:video-decoder-webm-vp8: 9c59270c3fd7afecdb556c50c9e8de78 -> 
  custom:audio-decoder-ogg-vorbis: bf7c407c2cedff20999df2af8eb42d56 -> 
  custom:audio-encoder-webm-vorbis: bf7c407c2cedff20999df2af8eb42d56 -> 
========================================================================
Received Import Request.
  Time since last request: 49.582710 seconds.
  path: Assets/_Project/NoFriction.physicMaterial
  artifactKey: Guid(8d5f760615b1f144ca302f90efe68e5c) Importer(815301076,1909f56bfc062723c751e8b465ee728b)
Start importing Assets/_Project/NoFriction.physicMaterial using Guid(8d5f760615b1f144ca302f90efe68e5c) Importer(815301076,1909f56bfc062723c751e8b465ee728b)  -> (artifact id: 'e115b8cb5b3ca2a56ee11674e5fe81be') in 0.023707 seconds 
========================================================================
Received Import Request.
  Time since last request: 11.083171 seconds.
  path: Assets/_Project/Physics Materials
  artifactKey: Guid(f4d8bc9bdf778d74fb648f454bc3bbf9) Importer(815301076,1909f56bfc062723c751e8b465ee728b)
Start importing Assets/_Project/Physics Materials using Guid(f4d8bc9bdf778d74fb648f454bc3bbf9) Importer(815301076,1909f56bfc062723c751e8b465ee728b)  -> (artifact id: 'f778b787e8ef1fbdf3706441a77db473') in 0.010835 seconds 
AssetImportWorkerClient::OnTransportError - code=2 error=End of file
